<?xml version="1.0" encoding="UTF-8"?>
<!-- Generated by org.testng.reporters.JUnitReportReporter -->
<testsuite hostname="Lenovo-PC" name="springmvc.model.dao.DepartmentDaoTest" tests="2" failures="0" timestamp="1 Feb 2016 11:09:08 GMT" time="1.083" errors="0">
  <testcase name="getDepartmentByTerm" time="0.815" classname="springmvc.model.dao.DepartmentDaoTest"/>
  <testcase name="getDepartments" time="0.268" classname="springmvc.model.dao.DepartmentDaoTest"/>
</testsuite> <!-- springmvc.model.dao.DepartmentDaoTest -->
