<?xml version="1.0" encoding="UTF-8"?>
<!-- Generated by org.testng.reporters.JUnitReportReporter -->
<testsuite hostname="Lenovo-PC" name="springmvc.model.dao.ApplicationStatusDaoTest" tests="1" failures="0" timestamp="1 Feb 2016 11:09:49 GMT" time="0.974" errors="0">
  <testcase name="getApplicationStatus" time="0.974" classname="springmvc.model.dao.ApplicationStatusDaoTest"/>
</testsuite> <!-- springmvc.model.dao.ApplicationStatusDaoTest -->
