<?xml version="1.0" encoding="UTF-8"?>
<!-- Generated by org.testng.reporters.JUnitReportReporter -->
<testsuite hostname="Lenovo-PC" name="springmvc.model.dao.ApplicationStatusDaoTest" tests="1" failures="0" timestamp="8 Mar 2016 07:50:01 GMT" time="0.063" errors="0">
  <testcase name="getApplicationStatus" time="0.063" classname="springmvc.model.dao.ApplicationStatusDaoTest"/>
</testsuite> <!-- springmvc.model.dao.ApplicationStatusDaoTest -->
