<?xml version="1.0" encoding="UTF-8"?>
<!-- Generated by org.testng.reporters.JUnitReportReporter -->
<testsuite hostname="Lenovo-PC" name="springmvc.model.dao.DepartmentDaoTest" tests="2" failures="0" timestamp="8 Mar 2016 07:50:01 GMT" time="0.033" errors="0">
  <testcase name="getDepartments" time="0.018" classname="springmvc.model.dao.DepartmentDaoTest"/>
  <testcase name="getDepartmentByTerm" time="0.015" classname="springmvc.model.dao.DepartmentDaoTest"/>
</testsuite> <!-- springmvc.model.dao.DepartmentDaoTest -->
